2018-09-28 22:44:18,974 [DEBUG] org.apache.http.client.protocol.RequestAddCookies  - CookieSpec selected: default
2018-09-28 22:44:18,985 [DEBUG] org.apache.http.client.protocol.RequestAuthCache  - Auth cache not set in the context
2018-09-28 22:44:18,987 [DEBUG] org.apache.http.impl.conn.PoolingHttpClientConnectionManager  - Connection request: [route: {}->http://localhost:34895][total kept alive: 0; route allocated: 0 of 2000; total allocated: 0 of 2000]
2018-09-28 22:44:19,005 [DEBUG] org.apache.http.impl.conn.PoolingHttpClientConnectionManager  - Connection leased: [id: 0][route: {}->http://localhost:34895][total kept alive: 0; route allocated: 1 of 2000; total allocated: 1 of 2000]
2018-09-28 22:44:19,007 [DEBUG] org.apache.http.impl.execchain.MainClientExec  - Opening connection {}->http://localhost:34895
2018-09-28 22:44:19,008 [DEBUG] org.apache.http.impl.conn.DefaultHttpClientConnectionOperator  - Connecting to localhost/127.0.0.1:34895
2018-09-28 22:44:19,010 [DEBUG] org.apache.http.impl.conn.DefaultHttpClientConnectionOperator  - Connection established 127.0.0.1:50047<->127.0.0.1:34895
2018-09-28 22:44:19,010 [DEBUG] org.apache.http.impl.conn.DefaultManagedHttpClientConnection  - http-outgoing-0: set socket timeout to 10800000
2018-09-28 22:44:19,011 [DEBUG] org.apache.http.impl.execchain.MainClientExec  - Executing request POST /session HTTP/1.1
2018-09-28 22:44:19,011 [DEBUG] org.apache.http.impl.execchain.MainClientExec  - Target auth state: UNCHALLENGED
2018-09-28 22:44:19,011 [DEBUG] org.apache.http.impl.execchain.MainClientExec  - Proxy auth state: UNCHALLENGED
2018-09-28 22:44:19,013 [DEBUG] org.apache.http.headers  - http-outgoing-0 >> POST /session HTTP/1.1
2018-09-28 22:44:19,013 [DEBUG] org.apache.http.headers  - http-outgoing-0 >> Content-Type: application/json; charset=utf-8
2018-09-28 22:44:19,013 [DEBUG] org.apache.http.headers  - http-outgoing-0 >> Content-Length: 550
2018-09-28 22:44:19,013 [DEBUG] org.apache.http.headers  - http-outgoing-0 >> Host: localhost:34895
2018-09-28 22:44:19,013 [DEBUG] org.apache.http.headers  - http-outgoing-0 >> Connection: Keep-Alive
2018-09-28 22:44:19,013 [DEBUG] org.apache.http.headers  - http-outgoing-0 >> User-Agent: Apache-HttpClient/4.5.3 (Java/1.8.0_181)
2018-09-28 22:44:19,013 [DEBUG] org.apache.http.headers  - http-outgoing-0 >> Accept-Encoding: gzip,deflate
2018-09-28 22:44:19,014 [DEBUG] org.apache.http.wire  - http-outgoing-0 >> "POST /session HTTP/1.1[\r][\n]"
2018-09-28 22:44:19,014 [DEBUG] org.apache.http.wire  - http-outgoing-0 >> "Content-Type: application/json; charset=utf-8[\r][\n]"
2018-09-28 22:44:19,014 [DEBUG] org.apache.http.wire  - http-outgoing-0 >> "Content-Length: 550[\r][\n]"
2018-09-28 22:44:19,014 [DEBUG] org.apache.http.wire  - http-outgoing-0 >> "Host: localhost:34895[\r][\n]"
2018-09-28 22:44:19,014 [DEBUG] org.apache.http.wire  - http-outgoing-0 >> "Connection: Keep-Alive[\r][\n]"
2018-09-28 22:44:19,014 [DEBUG] org.apache.http.wire  - http-outgoing-0 >> "User-Agent: Apache-HttpClient/4.5.3 (Java/1.8.0_181)[\r][\n]"
2018-09-28 22:44:19,014 [DEBUG] org.apache.http.wire  - http-outgoing-0 >> "Accept-Encoding: gzip,deflate[\r][\n]"
2018-09-28 22:44:19,014 [DEBUG] org.apache.http.wire  - http-outgoing-0 >> "[\r][\n]"
2018-09-28 22:44:19,014 [DEBUG] org.apache.http.wire  - http-outgoing-0 >> "{[\n]"
2018-09-28 22:44:19,014 [DEBUG] org.apache.http.wire  - http-outgoing-0 >> "  "desiredCapabilities": {[\n]"
2018-09-28 22:44:19,014 [DEBUG] org.apache.http.wire  - http-outgoing-0 >> "    "browserName": "chrome",[\n]"
2018-09-28 22:44:19,014 [DEBUG] org.apache.http.wire  - http-outgoing-0 >> "    "chromeOptions": {[\n]"
2018-09-28 22:44:19,014 [DEBUG] org.apache.http.wire  - http-outgoing-0 >> "      "args": [],[\n]"
2018-09-28 22:44:19,014 [DEBUG] org.apache.http.wire  - http-outgoing-0 >> "      "extensions": [][\n]"
2018-09-28 22:44:19,014 [DEBUG] org.apache.http.wire  - http-outgoing-0 >> "    },[\n]"
2018-09-28 22:44:19,014 [DEBUG] org.apache.http.wire  - http-outgoing-0 >> "    "version": "",[\n]"
2018-09-28 22:44:19,014 [DEBUG] org.apache.http.wire  - http-outgoing-0 >> "    "platform": "ANY"[\n]"
2018-09-28 22:44:19,014 [DEBUG] org.apache.http.wire  - http-outgoing-0 >> "  },[\n]"
2018-09-28 22:44:19,015 [DEBUG] org.apache.http.wire  - http-outgoing-0 >> "  "requiredCapabilities": {},[\n]"
2018-09-28 22:44:19,015 [DEBUG] org.apache.http.wire  - http-outgoing-0 >> "  "capabilities": {[\n]"
2018-09-28 22:44:19,015 [DEBUG] org.apache.http.wire  - http-outgoing-0 >> "    "desiredCapabilities": {[\n]"
2018-09-28 22:44:19,015 [DEBUG] org.apache.http.wire  - http-outgoing-0 >> "      "browserName": "chrome",[\n]"
2018-09-28 22:44:19,015 [DEBUG] org.apache.http.wire  - http-outgoing-0 >> "      "chromeOptions": {[\n]"
2018-09-28 22:44:19,015 [DEBUG] org.apache.http.wire  - http-outgoing-0 >> "        "args": [],[\n]"
2018-09-28 22:44:19,015 [DEBUG] org.apache.http.wire  - http-outgoing-0 >> "        "extensions": [][\n]"
2018-09-28 22:44:19,015 [DEBUG] org.apache.http.wire  - http-outgoing-0 >> "      },[\n]"
2018-09-28 22:44:19,015 [DEBUG] org.apache.http.wire  - http-outgoing-0 >> "      "version": "",[\n]"
2018-09-28 22:44:19,015 [DEBUG] org.apache.http.wire  - http-outgoing-0 >> "      "platform": "ANY"[\n]"
2018-09-28 22:44:19,015 [DEBUG] org.apache.http.wire  - http-outgoing-0 >> "    },[\n]"
2018-09-28 22:44:19,015 [DEBUG] org.apache.http.wire  - http-outgoing-0 >> "    "requiredCapabilities": {},[\n]"
2018-09-28 22:44:19,015 [DEBUG] org.apache.http.wire  - http-outgoing-0 >> "    "alwaysMatch": {},[\n]"
2018-09-28 22:44:19,015 [DEBUG] org.apache.http.wire  - http-outgoing-0 >> "    "firstMatch": [[\n]"
2018-09-28 22:44:19,015 [DEBUG] org.apache.http.wire  - http-outgoing-0 >> "      {[\n]"
2018-09-28 22:44:19,015 [DEBUG] org.apache.http.wire  - http-outgoing-0 >> "        "browserName": "chrome"[\n]"
2018-09-28 22:44:19,015 [DEBUG] org.apache.http.wire  - http-outgoing-0 >> "      }[\n]"
2018-09-28 22:44:19,015 [DEBUG] org.apache.http.wire  - http-outgoing-0 >> "    ][\n]"
2018-09-28 22:44:19,015 [DEBUG] org.apache.http.wire  - http-outgoing-0 >> "  }[\n]"
2018-09-28 22:44:19,015 [DEBUG] org.apache.http.wire  - http-outgoing-0 >> "}"
2018-09-28 22:44:21,467 [DEBUG] org.apache.http.wire  - http-outgoing-0 << "HTTP/1.1 200 OK[\r][\n]"
2018-09-28 22:44:21,467 [DEBUG] org.apache.http.wire  - http-outgoing-0 << "Content-Length:831[\r][\n]"
2018-09-28 22:44:21,468 [DEBUG] org.apache.http.wire  - http-outgoing-0 << "Content-Type:application/json; charset=utf-8[\r][\n]"
2018-09-28 22:44:21,468 [DEBUG] org.apache.http.wire  - http-outgoing-0 << "[\r][\n]"
2018-09-28 22:44:21,468 [DEBUG] org.apache.http.wire  - http-outgoing-0 << "{"sessionId":"2083ac1e32aa518f03ea5095c0b590da","status":0,"value":{"acceptInsecureCerts":false,"acceptSslCerts":false,"applicationCacheEnabled":false,"browserConnectionEnabled":false,"browserName":"chrome","chrome":{"chromedriverVersion":"2.36.540470 (e522d04694c7ebea4ba8821272dbef4f9b818c91)","userDataDir":"C:\\Users\\a241693\\AppData\\Local\\Temp\\scoped_dir19472_32678"},"cssSelectorsEnabled":true,"databaseEnabled":false,"handlesAlerts":true,"hasTouchScreen":false,"javascriptEnabled":true,"locationContextEnabled":true,"mobileEmulationEnabled":false,"nativeEvents":true,"networkConnectionEnabled":false,"pageLoadStrategy":"normal","platform":"Windows NT","rotatable":false,"setWindowRect":true,"takesHeapSnapshot":true,"takesScreenshot":true,"unexpectedAlertBehaviour":"","version":"67.0.3396.99","webStorageEnabled":true}}"
2018-09-28 22:44:21,471 [DEBUG] org.apache.http.headers  - http-outgoing-0 << HTTP/1.1 200 OK
2018-09-28 22:44:21,471 [DEBUG] org.apache.http.headers  - http-outgoing-0 << Content-Length:831
2018-09-28 22:44:21,471 [DEBUG] org.apache.http.headers  - http-outgoing-0 << Content-Type:application/json; charset=utf-8
2018-09-28 22:44:21,477 [DEBUG] org.apache.http.impl.execchain.MainClientExec  - Connection can be kept alive indefinitely
2018-09-28 22:44:21,485 [DEBUG] org.apache.http.impl.conn.PoolingHttpClientConnectionManager  - Connection [id: 0][route: {}->http://localhost:34895] can be kept alive indefinitely
2018-09-28 22:44:21,485 [DEBUG] org.apache.http.impl.conn.PoolingHttpClientConnectionManager  - Connection released: [id: 0][route: {}->http://localhost:34895][total kept alive: 1; route allocated: 1 of 2000; total allocated: 1 of 2000]
2018-09-28 22:44:21,595 [DEBUG] org.apache.http.client.protocol.RequestAddCookies  - CookieSpec selected: default
2018-09-28 22:44:21,595 [DEBUG] org.apache.http.client.protocol.RequestAuthCache  - Auth cache not set in the context
2018-09-28 22:44:21,595 [DEBUG] org.apache.http.impl.conn.PoolingHttpClientConnectionManager  - Connection request: [route: {}->http://localhost:34895][total kept alive: 1; route allocated: 1 of 2000; total allocated: 1 of 2000]
2018-09-28 22:44:21,595 [DEBUG] org.apache.http.impl.conn.PoolingHttpClientConnectionManager  - Connection leased: [id: 0][route: {}->http://localhost:34895][total kept alive: 0; route allocated: 1 of 2000; total allocated: 1 of 2000]
2018-09-28 22:44:21,595 [DEBUG] org.apache.http.impl.execchain.MainClientExec  - Stale connection check
2018-09-28 22:44:21,597 [DEBUG] org.apache.http.wire  - http-outgoing-0 << "[read] I/O error: Read timed out"
2018-09-28 22:44:21,597 [DEBUG] org.apache.http.impl.conn.DefaultManagedHttpClientConnection  - http-outgoing-0: set socket timeout to 10800000
2018-09-28 22:44:21,597 [DEBUG] org.apache.http.impl.execchain.MainClientExec  - Executing request POST /session/2083ac1e32aa518f03ea5095c0b590da/window/current/maximize HTTP/1.1
2018-09-28 22:44:21,597 [DEBUG] org.apache.http.impl.execchain.MainClientExec  - Target auth state: UNCHALLENGED
2018-09-28 22:44:21,597 [DEBUG] org.apache.http.impl.execchain.MainClientExec  - Proxy auth state: UNCHALLENGED
2018-09-28 22:44:21,597 [DEBUG] org.apache.http.headers  - http-outgoing-0 >> POST /session/2083ac1e32aa518f03ea5095c0b590da/window/current/maximize HTTP/1.1
2018-09-28 22:44:21,597 [DEBUG] org.apache.http.headers  - http-outgoing-0 >> Content-Type: application/json; charset=utf-8
2018-09-28 22:44:21,598 [DEBUG] org.apache.http.headers  - http-outgoing-0 >> Content-Length: 45
2018-09-28 22:44:21,598 [DEBUG] org.apache.http.headers  - http-outgoing-0 >> Host: localhost:34895
2018-09-28 22:44:21,598 [DEBUG] org.apache.http.headers  - http-outgoing-0 >> Connection: Keep-Alive
2018-09-28 22:44:21,598 [DEBUG] org.apache.http.headers  - http-outgoing-0 >> User-Agent: Apache-HttpClient/4.5.3 (Java/1.8.0_181)
2018-09-28 22:44:21,598 [DEBUG] org.apache.http.headers  - http-outgoing-0 >> Accept-Encoding: gzip,deflate
2018-09-28 22:44:21,598 [DEBUG] org.apache.http.wire  - http-outgoing-0 >> "POST /session/2083ac1e32aa518f03ea5095c0b590da/window/current/maximize HTTP/1.1[\r][\n]"
2018-09-28 22:44:21,598 [DEBUG] org.apache.http.wire  - http-outgoing-0 >> "Content-Type: application/json; charset=utf-8[\r][\n]"
2018-09-28 22:44:21,598 [DEBUG] org.apache.http.wire  - http-outgoing-0 >> "Content-Length: 45[\r][\n]"
2018-09-28 22:44:21,598 [DEBUG] org.apache.http.wire  - http-outgoing-0 >> "Host: localhost:34895[\r][\n]"
2018-09-28 22:44:21,598 [DEBUG] org.apache.http.wire  - http-outgoing-0 >> "Connection: Keep-Alive[\r][\n]"
2018-09-28 22:44:21,598 [DEBUG] org.apache.http.wire  - http-outgoing-0 >> "User-Agent: Apache-HttpClient/4.5.3 (Java/1.8.0_181)[\r][\n]"
2018-09-28 22:44:21,598 [DEBUG] org.apache.http.wire  - http-outgoing-0 >> "Accept-Encoding: gzip,deflate[\r][\n]"
2018-09-28 22:44:21,598 [DEBUG] org.apache.http.wire  - http-outgoing-0 >> "[\r][\n]"
2018-09-28 22:44:21,599 [DEBUG] org.apache.http.wire  - http-outgoing-0 >> "{"windowHandle":"current","handle":"current"}"
2018-09-28 22:44:22,809 [DEBUG] org.apache.http.wire  - http-outgoing-0 << "HTTP/1.1 200 OK[\r][\n]"
2018-09-28 22:44:22,809 [DEBUG] org.apache.http.wire  - http-outgoing-0 << "Content-Length:72[\r][\n]"
2018-09-28 22:44:22,809 [DEBUG] org.apache.http.wire  - http-outgoing-0 << "Content-Type:application/json; charset=utf-8[\r][\n]"
2018-09-28 22:44:22,809 [DEBUG] org.apache.http.wire  - http-outgoing-0 << "[\r][\n]"
2018-09-28 22:44:22,809 [DEBUG] org.apache.http.wire  - http-outgoing-0 << "{"sessionId":"2083ac1e32aa518f03ea5095c0b590da","status":0,"value":null}"
2018-09-28 22:44:22,809 [DEBUG] org.apache.http.headers  - http-outgoing-0 << HTTP/1.1 200 OK
2018-09-28 22:44:22,809 [DEBUG] org.apache.http.headers  - http-outgoing-0 << Content-Length:72
2018-09-28 22:44:22,809 [DEBUG] org.apache.http.headers  - http-outgoing-0 << Content-Type:application/json; charset=utf-8
2018-09-28 22:44:22,810 [DEBUG] org.apache.http.impl.execchain.MainClientExec  - Connection can be kept alive indefinitely
2018-09-28 22:44:22,810 [DEBUG] org.apache.http.impl.conn.PoolingHttpClientConnectionManager  - Connection [id: 0][route: {}->http://localhost:34895] can be kept alive indefinitely
2018-09-28 22:44:22,810 [DEBUG] org.apache.http.impl.conn.PoolingHttpClientConnectionManager  - Connection released: [id: 0][route: {}->http://localhost:34895][total kept alive: 1; route allocated: 1 of 2000; total allocated: 1 of 2000]
2018-09-28 22:44:22,813 [DEBUG] org.apache.http.client.protocol.RequestAddCookies  - CookieSpec selected: default
2018-09-28 22:44:22,813 [DEBUG] org.apache.http.client.protocol.RequestAuthCache  - Auth cache not set in the context
2018-09-28 22:44:22,813 [DEBUG] org.apache.http.impl.conn.PoolingHttpClientConnectionManager  - Connection request: [route: {}->http://localhost:34895][total kept alive: 1; route allocated: 1 of 2000; total allocated: 1 of 2000]
2018-09-28 22:44:22,813 [DEBUG] org.apache.http.impl.conn.PoolingHttpClientConnectionManager  - Connection leased: [id: 0][route: {}->http://localhost:34895][total kept alive: 0; route allocated: 1 of 2000; total allocated: 1 of 2000]
2018-09-28 22:44:22,813 [DEBUG] org.apache.http.impl.execchain.MainClientExec  - Stale connection check
2018-09-28 22:44:22,814 [DEBUG] org.apache.http.wire  - http-outgoing-0 << "[read] I/O error: Read timed out"
2018-09-28 22:44:22,814 [DEBUG] org.apache.http.impl.conn.DefaultManagedHttpClientConnection  - http-outgoing-0: set socket timeout to 10800000
2018-09-28 22:44:22,814 [DEBUG] org.apache.http.impl.execchain.MainClientExec  - Executing request POST /session/2083ac1e32aa518f03ea5095c0b590da/timeouts HTTP/1.1
2018-09-28 22:44:22,814 [DEBUG] org.apache.http.impl.execchain.MainClientExec  - Target auth state: UNCHALLENGED
2018-09-28 22:44:22,814 [DEBUG] org.apache.http.impl.execchain.MainClientExec  - Proxy auth state: UNCHALLENGED
2018-09-28 22:44:22,814 [DEBUG] org.apache.http.headers  - http-outgoing-0 >> POST /session/2083ac1e32aa518f03ea5095c0b590da/timeouts HTTP/1.1
2018-09-28 22:44:22,814 [DEBUG] org.apache.http.headers  - http-outgoing-0 >> Content-Type: application/json; charset=utf-8
2018-09-28 22:44:22,814 [DEBUG] org.apache.http.headers  - http-outgoing-0 >> Content-Length: 30
2018-09-28 22:44:22,814 [DEBUG] org.apache.http.headers  - http-outgoing-0 >> Host: localhost:34895
2018-09-28 22:44:22,814 [DEBUG] org.apache.http.headers  - http-outgoing-0 >> Connection: Keep-Alive
2018-09-28 22:44:22,814 [DEBUG] org.apache.http.headers  - http-outgoing-0 >> User-Agent: Apache-HttpClient/4.5.3 (Java/1.8.0_181)
2018-09-28 22:44:22,814 [DEBUG] org.apache.http.headers  - http-outgoing-0 >> Accept-Encoding: gzip,deflate
2018-09-28 22:44:22,814 [DEBUG] org.apache.http.wire  - http-outgoing-0 >> "POST /session/2083ac1e32aa518f03ea5095c0b590da/timeouts HTTP/1.1[\r][\n]"
2018-09-28 22:44:22,814 [DEBUG] org.apache.http.wire  - http-outgoing-0 >> "Content-Type: application/json; charset=utf-8[\r][\n]"
2018-09-28 22:44:22,814 [DEBUG] org.apache.http.wire  - http-outgoing-0 >> "Content-Length: 30[\r][\n]"
2018-09-28 22:44:22,814 [DEBUG] org.apache.http.wire  - http-outgoing-0 >> "Host: localhost:34895[\r][\n]"
2018-09-28 22:44:22,814 [DEBUG] org.apache.http.wire  - http-outgoing-0 >> "Connection: Keep-Alive[\r][\n]"
2018-09-28 22:44:22,814 [DEBUG] org.apache.http.wire  - http-outgoing-0 >> "User-Agent: Apache-HttpClient/4.5.3 (Java/1.8.0_181)[\r][\n]"
2018-09-28 22:44:22,814 [DEBUG] org.apache.http.wire  - http-outgoing-0 >> "Accept-Encoding: gzip,deflate[\r][\n]"
2018-09-28 22:44:22,814 [DEBUG] org.apache.http.wire  - http-outgoing-0 >> "[\r][\n]"
2018-09-28 22:44:22,814 [DEBUG] org.apache.http.wire  - http-outgoing-0 >> "{"type":"implicit","ms":20000}"
2018-09-28 22:44:22,816 [DEBUG] org.apache.http.wire  - http-outgoing-0 << "HTTP/1.1 200 OK[\r][\n]"
2018-09-28 22:44:22,816 [DEBUG] org.apache.http.wire  - http-outgoing-0 << "Content-Length:72[\r][\n]"
2018-09-28 22:44:22,816 [DEBUG] org.apache.http.wire  - http-outgoing-0 << "Content-Type:application/json; charset=utf-8[\r][\n]"
2018-09-28 22:44:22,816 [DEBUG] org.apache.http.wire  - http-outgoing-0 << "[\r][\n]"
2018-09-28 22:44:22,816 [DEBUG] org.apache.http.wire  - http-outgoing-0 << "{"sessionId":"2083ac1e32aa518f03ea5095c0b590da","status":0,"value":null}"
2018-09-28 22:44:22,816 [DEBUG] org.apache.http.headers  - http-outgoing-0 << HTTP/1.1 200 OK
2018-09-28 22:44:22,816 [DEBUG] org.apache.http.headers  - http-outgoing-0 << Content-Length:72
2018-09-28 22:44:22,816 [DEBUG] org.apache.http.headers  - http-outgoing-0 << Content-Type:application/json; charset=utf-8
2018-09-28 22:44:22,816 [DEBUG] org.apache.http.impl.execchain.MainClientExec  - Connection can be kept alive indefinitely
2018-09-28 22:44:22,816 [DEBUG] org.apache.http.impl.conn.PoolingHttpClientConnectionManager  - Connection [id: 0][route: {}->http://localhost:34895] can be kept alive indefinitely
2018-09-28 22:44:22,816 [DEBUG] org.apache.http.impl.conn.PoolingHttpClientConnectionManager  - Connection released: [id: 0][route: {}->http://localhost:34895][total kept alive: 1; route allocated: 1 of 2000; total allocated: 1 of 2000]
2018-09-28 22:44:22,818 [DEBUG] org.apache.http.client.protocol.RequestAddCookies  - CookieSpec selected: default
2018-09-28 22:44:22,818 [DEBUG] org.apache.http.client.protocol.RequestAuthCache  - Auth cache not set in the context
2018-09-28 22:44:22,818 [DEBUG] org.apache.http.impl.conn.PoolingHttpClientConnectionManager  - Connection request: [route: {}->http://localhost:34895][total kept alive: 1; route allocated: 1 of 2000; total allocated: 1 of 2000]
2018-09-28 22:44:22,818 [DEBUG] org.apache.http.impl.conn.PoolingHttpClientConnectionManager  - Connection leased: [id: 0][route: {}->http://localhost:34895][total kept alive: 0; route allocated: 1 of 2000; total allocated: 1 of 2000]
2018-09-28 22:44:22,818 [DEBUG] org.apache.http.impl.execchain.MainClientExec  - Stale connection check
2018-09-28 22:44:22,820 [DEBUG] org.apache.http.wire  - http-outgoing-0 << "[read] I/O error: Read timed out"
2018-09-28 22:44:22,820 [DEBUG] org.apache.http.impl.conn.DefaultManagedHttpClientConnection  - http-outgoing-0: set socket timeout to 10800000
2018-09-28 22:44:22,820 [DEBUG] org.apache.http.impl.execchain.MainClientExec  - Executing request POST /session/2083ac1e32aa518f03ea5095c0b590da/url HTTP/1.1
2018-09-28 22:44:22,820 [DEBUG] org.apache.http.impl.execchain.MainClientExec  - Target auth state: UNCHALLENGED
2018-09-28 22:44:22,820 [DEBUG] org.apache.http.impl.execchain.MainClientExec  - Proxy auth state: UNCHALLENGED
2018-09-28 22:44:22,821 [DEBUG] org.apache.http.headers  - http-outgoing-0 >> POST /session/2083ac1e32aa518f03ea5095c0b590da/url HTTP/1.1
2018-09-28 22:44:22,821 [DEBUG] org.apache.http.headers  - http-outgoing-0 >> Content-Type: application/json; charset=utf-8
2018-09-28 22:44:22,821 [DEBUG] org.apache.http.headers  - http-outgoing-0 >> Content-Length: 31
2018-09-28 22:44:22,821 [DEBUG] org.apache.http.headers  - http-outgoing-0 >> Host: localhost:34895
2018-09-28 22:44:22,821 [DEBUG] org.apache.http.headers  - http-outgoing-0 >> Connection: Keep-Alive
2018-09-28 22:44:22,821 [DEBUG] org.apache.http.headers  - http-outgoing-0 >> User-Agent: Apache-HttpClient/4.5.3 (Java/1.8.0_181)
2018-09-28 22:44:22,821 [DEBUG] org.apache.http.headers  - http-outgoing-0 >> Accept-Encoding: gzip,deflate
2018-09-28 22:44:22,821 [DEBUG] org.apache.http.wire  - http-outgoing-0 >> "POST /session/2083ac1e32aa518f03ea5095c0b590da/url HTTP/1.1[\r][\n]"
2018-09-28 22:44:22,821 [DEBUG] org.apache.http.wire  - http-outgoing-0 >> "Content-Type: application/json; charset=utf-8[\r][\n]"
2018-09-28 22:44:22,821 [DEBUG] org.apache.http.wire  - http-outgoing-0 >> "Content-Length: 31[\r][\n]"
2018-09-28 22:44:22,821 [DEBUG] org.apache.http.wire  - http-outgoing-0 >> "Host: localhost:34895[\r][\n]"
2018-09-28 22:44:22,821 [DEBUG] org.apache.http.wire  - http-outgoing-0 >> "Connection: Keep-Alive[\r][\n]"
2018-09-28 22:44:22,821 [DEBUG] org.apache.http.wire  - http-outgoing-0 >> "User-Agent: Apache-HttpClient/4.5.3 (Java/1.8.0_181)[\r][\n]"
2018-09-28 22:44:22,821 [DEBUG] org.apache.http.wire  - http-outgoing-0 >> "Accept-Encoding: gzip,deflate[\r][\n]"
2018-09-28 22:44:22,821 [DEBUG] org.apache.http.wire  - http-outgoing-0 >> "[\r][\n]"
2018-09-28 22:44:22,821 [DEBUG] org.apache.http.wire  - http-outgoing-0 >> "{"url":"http://www.google.com"}"
2018-09-28 22:44:27,352 [DEBUG] org.apache.http.wire  - http-outgoing-0 << "HTTP/1.1 200 OK[\r][\n]"
2018-09-28 22:44:27,352 [DEBUG] org.apache.http.wire  - http-outgoing-0 << "Content-Length:72[\r][\n]"
2018-09-28 22:44:27,353 [DEBUG] org.apache.http.wire  - http-outgoing-0 << "Content-Type:application/json; charset=utf-8[\r][\n]"
2018-09-28 22:44:27,353 [DEBUG] org.apache.http.wire  - http-outgoing-0 << "[\r][\n]"
2018-09-28 22:44:27,353 [DEBUG] org.apache.http.wire  - http-outgoing-0 << "{"sessionId":"2083ac1e32aa518f03ea5095c0b590da","status":0,"value":null}"
2018-09-28 22:44:27,353 [DEBUG] org.apache.http.headers  - http-outgoing-0 << HTTP/1.1 200 OK
2018-09-28 22:44:27,353 [DEBUG] org.apache.http.headers  - http-outgoing-0 << Content-Length:72
2018-09-28 22:44:27,353 [DEBUG] org.apache.http.headers  - http-outgoing-0 << Content-Type:application/json; charset=utf-8
2018-09-28 22:44:27,353 [DEBUG] org.apache.http.impl.execchain.MainClientExec  - Connection can be kept alive indefinitely
2018-09-28 22:44:27,353 [DEBUG] org.apache.http.impl.conn.PoolingHttpClientConnectionManager  - Connection [id: 0][route: {}->http://localhost:34895] can be kept alive indefinitely
2018-09-28 22:44:27,353 [DEBUG] org.apache.http.impl.conn.PoolingHttpClientConnectionManager  - Connection released: [id: 0][route: {}->http://localhost:34895][total kept alive: 1; route allocated: 1 of 2000; total allocated: 1 of 2000]
2018-09-28 22:44:27,358 [DEBUG] org.apache.http.client.protocol.RequestAddCookies  - CookieSpec selected: default
2018-09-28 22:44:27,358 [DEBUG] org.apache.http.client.protocol.RequestAuthCache  - Auth cache not set in the context
2018-09-28 22:44:27,358 [DEBUG] org.apache.http.impl.conn.PoolingHttpClientConnectionManager  - Connection request: [route: {}->http://localhost:34895][total kept alive: 1; route allocated: 1 of 2000; total allocated: 1 of 2000]
2018-09-28 22:44:27,358 [DEBUG] org.apache.http.impl.conn.PoolingHttpClientConnectionManager  - Connection leased: [id: 0][route: {}->http://localhost:34895][total kept alive: 0; route allocated: 1 of 2000; total allocated: 1 of 2000]
2018-09-28 22:44:27,358 [DEBUG] org.apache.http.impl.execchain.MainClientExec  - Stale connection check
2018-09-28 22:44:27,360 [DEBUG] org.apache.http.wire  - http-outgoing-0 << "[read] I/O error: Read timed out"
2018-09-28 22:44:27,360 [DEBUG] org.apache.http.impl.conn.DefaultManagedHttpClientConnection  - http-outgoing-0: set socket timeout to 10800000
2018-09-28 22:44:27,360 [DEBUG] org.apache.http.impl.execchain.MainClientExec  - Executing request POST /session/2083ac1e32aa518f03ea5095c0b590da/element HTTP/1.1
2018-09-28 22:44:27,360 [DEBUG] org.apache.http.impl.execchain.MainClientExec  - Target auth state: UNCHALLENGED
2018-09-28 22:44:27,360 [DEBUG] org.apache.http.impl.execchain.MainClientExec  - Proxy auth state: UNCHALLENGED
2018-09-28 22:44:27,360 [DEBUG] org.apache.http.headers  - http-outgoing-0 >> POST /session/2083ac1e32aa518f03ea5095c0b590da/element HTTP/1.1
2018-09-28 22:44:27,360 [DEBUG] org.apache.http.headers  - http-outgoing-0 >> Content-Type: application/json; charset=utf-8
2018-09-28 22:44:27,360 [DEBUG] org.apache.http.headers  - http-outgoing-0 >> Content-Length: 28
2018-09-28 22:44:27,360 [DEBUG] org.apache.http.headers  - http-outgoing-0 >> Host: localhost:34895
2018-09-28 22:44:27,360 [DEBUG] org.apache.http.headers  - http-outgoing-0 >> Connection: Keep-Alive
2018-09-28 22:44:27,360 [DEBUG] org.apache.http.headers  - http-outgoing-0 >> User-Agent: Apache-HttpClient/4.5.3 (Java/1.8.0_181)
2018-09-28 22:44:27,360 [DEBUG] org.apache.http.headers  - http-outgoing-0 >> Accept-Encoding: gzip,deflate
2018-09-28 22:44:27,360 [DEBUG] org.apache.http.wire  - http-outgoing-0 >> "POST /session/2083ac1e32aa518f03ea5095c0b590da/element HTTP/1.1[\r][\n]"
2018-09-28 22:44:27,360 [DEBUG] org.apache.http.wire  - http-outgoing-0 >> "Content-Type: application/json; charset=utf-8[\r][\n]"
2018-09-28 22:44:27,360 [DEBUG] org.apache.http.wire  - http-outgoing-0 >> "Content-Length: 28[\r][\n]"
2018-09-28 22:44:27,360 [DEBUG] org.apache.http.wire  - http-outgoing-0 >> "Host: localhost:34895[\r][\n]"
2018-09-28 22:44:27,361 [DEBUG] org.apache.http.wire  - http-outgoing-0 >> "Connection: Keep-Alive[\r][\n]"
2018-09-28 22:44:27,361 [DEBUG] org.apache.http.wire  - http-outgoing-0 >> "User-Agent: Apache-HttpClient/4.5.3 (Java/1.8.0_181)[\r][\n]"
2018-09-28 22:44:27,361 [DEBUG] org.apache.http.wire  - http-outgoing-0 >> "Accept-Encoding: gzip,deflate[\r][\n]"
2018-09-28 22:44:27,361 [DEBUG] org.apache.http.wire  - http-outgoing-0 >> "[\r][\n]"
2018-09-28 22:44:27,361 [DEBUG] org.apache.http.wire  - http-outgoing-0 >> "{"using":"id","value":"abc"}"
2018-09-28 22:44:47,435 [DEBUG] org.apache.http.wire  - http-outgoing-0 << "HTTP/1.1 200 OK[\r][\n]"
2018-09-28 22:44:47,435 [DEBUG] org.apache.http.wire  - http-outgoing-0 << "Content-Length:328[\r][\n]"
2018-09-28 22:44:47,435 [DEBUG] org.apache.http.wire  - http-outgoing-0 << "Content-Type:application/json; charset=utf-8[\r][\n]"
2018-09-28 22:44:47,435 [DEBUG] org.apache.http.wire  - http-outgoing-0 << "[\r][\n]"
2018-09-28 22:44:47,436 [DEBUG] org.apache.http.wire  - http-outgoing-0 << "{"sessionId":"2083ac1e32aa518f03ea5095c0b590da","status":7,"value":{"message":"no such element: Unable to locate element: {\"method\":\"id\",\"selector\":\"abc\"}\n  (Session info: chrome=67.0.3396.99)\n  (Driver info: chromedriver=2.36.540470 (e522d04694c7ebea4ba8821272dbef4f9b818c91),platform=Windows NT 10.0.15063 x86_64)"}}"
2018-09-28 22:44:47,436 [DEBUG] org.apache.http.headers  - http-outgoing-0 << HTTP/1.1 200 OK
2018-09-28 22:44:47,436 [DEBUG] org.apache.http.headers  - http-outgoing-0 << Content-Length:328
2018-09-28 22:44:47,436 [DEBUG] org.apache.http.headers  - http-outgoing-0 << Content-Type:application/json; charset=utf-8
2018-09-28 22:44:47,437 [DEBUG] org.apache.http.impl.execchain.MainClientExec  - Connection can be kept alive indefinitely
2018-09-28 22:44:47,437 [DEBUG] org.apache.http.impl.conn.PoolingHttpClientConnectionManager  - Connection [id: 0][route: {}->http://localhost:34895] can be kept alive indefinitely
2018-09-28 22:44:47,438 [DEBUG] org.apache.http.impl.conn.PoolingHttpClientConnectionManager  - Connection released: [id: 0][route: {}->http://localhost:34895][total kept alive: 1; route allocated: 1 of 2000; total allocated: 1 of 2000]
